<?xml version="1.0" encoding="UTF-8"?>
<!-- Generated by org.testng.reporters.JUnitReportReporter -->
<testsuite skipped="0" hostname="LAPTOP-TND9SR0B" name="CountTest" tests="1" failures="0" timestamp="27 二月 2019 12:19:43 GMT" time="0.025" errors="0">
  <testcase name="testAdd" time="0.025" classname="CountTest"/>
</testsuite> <!-- CountTest -->
